<?xml version="1.0" encoding="UTF-8"?>
<!-- Generated by org.testng.reporters.JUnitReportReporter -->
<testsuite skipped="0" hostname="DESKTOP-IA0HJS5" name="GitProjt.GitProjt.Demo2" tests="1" failures="0" timestamp="2022-03-06T15:36:53 IST" time="0.017" errors="0">
  <testcase name="hello" time="0.017" classname="GitProjt.GitProjt.Demo2"/>
  <system-out/>
</testsuite> <!-- GitProjt.GitProjt.Demo2 -->
