<?xml version="1.0" encoding="UTF-8"?>
<!-- Generated by org.testng.reporters.JUnitReportReporter -->
<testsuite skipped="0" hostname="DESKTOP-IA0HJS5" name="GitProjt.GitProjt.Demo3" tests="1" failures="0" timestamp="2022-03-06T16:01:26 IST" time="0.002" errors="0">
  <testcase name="job" time="0.002" classname="GitProjt.GitProjt.Demo3"/>
  <system-out/>
</testsuite> <!-- GitProjt.GitProjt.Demo3 -->
